# JRE version: Java(TM) SE Runtime Environment (7.0_51-b13) (build 1.7.0_51-b13)
# Java VM: Java HotSpot(TM) 64-Bit Server VM (24.51-b03 mixed mode windows-amd64 compressed oops)
Heap
 PSYoungGen      total 473600K, used 155755K [0x00000007d5880000, 0x0000000800000000, 0x0000000800000000)
  eden space 242688K, 16% used [0x00000007d5880000,0x00000007d7eead80,0x00000007e4580000)
  from space 230912K, 50% used [0x00000007f1c80000,0x00000007f8e30000,0x00000007ffe00000)
  to   space 220160K, 0% used [0x00000007e4580000,0x00000007e4580000,0x00000007f1c80000)
 ParOldGen       total 1292288K, used 1154244K [0x0000000780a00000, 0x00000007cf800000, 0x00000007d5880000)
  object space 1292288K, 89% used [0x0000000780a00000,0x00000007c71311e8,0x00000007cf800000)
 PSPermGen       total 21504K, used 8664K [0x000000077b800000, 0x000000077cd00000, 0x0000000780a00000)
  object space 21504K, 40% used [0x000000077b800000,0x000000077c076118,0x000000077cd00000)
GC Heap History (10 events):
Event: 310.412 GC heap before
{Heap before GC invocations=167 (full 7):
 PSYoungGen      total 455680K, used 455616K [0x00000007d5880000, 0x0000000800000000, 0x0000000800000000)
  eden space 294400K, 100% used [0x00000007d5880000,0x00000007e7800000,0x00000007e7800000)
  from space 161280K, 99% used [0x00000007e7800000,0x00000007f1570000,0x00000007f1580000)
  to   space 214528K, 0% used [0x00000007f2e80000,0x00000007f2e80000,0x0000000800000000)
 ParOldGen       total 1292288K, used 1042868K [0x0000000780a00000, 0x00000007cf800000, 0x00000007d5880000)
  object space 1292288K, 80% used [0x0000000780a00000,0x00000007c046d1e8,0x00000007cf800000)
 PSPermGen       total 21504K, used 8664K [0x000000077b800000, 0x000000077cd00000, 0x0000000780a00000)
  object space 21504K, 40% used [0x000000077b800000,0x000000077c076118,0x000000077cd00000)
Event: 310.469 GC heap after
Heap after GC invocations=167 (full 7):
 PSYoungGen      total 457728K, used 163744K [0x00000007d5880000, 0x0000000800000000, 0x0000000800000000)
  eden space 243200K, 0% used [0x00000007d5880000,0x00000007d5880000,0x00000007e4600000)
  from space 214528K, 76% used [0x00000007f2e80000,0x00000007fce68000,0x0000000800000000)
  to   space 226304K, 0% used [0x00000007e4600000,0x00000007e4600000,0x00000007f2300000)
 ParOldGen       total 1292288K, used 1055972K [0x0000000780a00000, 0x00000007cf800000, 0x00000007d5880000)
  object space 1292288K, 81% used [0x0000000780a00000,0x00000007c11391e8,0x00000007cf800000)
 PSPermGen       total 21504K, used 8664K [0x000000077b800000, 0x000000077cd00000, 0x0000000780a00000)
  object space 21504K, 40% used [0x000000077b800000,0x000000077c076118,0x000000077cd00000)
}
Event: 313.716 GC heap before
{Heap before GC invocations=168 (full 7):
 PSYoungGen      total 457728K, used 406944K [0x00000007d5880000, 0x0000000800000000, 0x0000000800000000)
  eden space 243200K, 100% used [0x00000007d5880000,0x00000007e4600000,0x00000007e4600000)
  from space 214528K, 76% used [0x00000007f2e80000,0x00000007fce68000,0x0000000800000000)
  to   space 226304K, 0% used [0x00000007e4600000,0x00000007e4600000,0x00000007f2300000)
 ParOldGen       total 1292288K, used 1055972K [0x0000000780a00000, 0x00000007cf800000, 0x00000007d5880000)
  object space 1292288K, 81% used [0x0000000780a00000,0x00000007c11391e8,0x00000007cf800000)
 PSPermGen       total 21504K, used 8664K [0x000000077b800000, 0x000000077cd00000, 0x0000000780a00000)
  object space 21504K, 40% used [0x000000077b800000,0x000000077c076118,0x000000077cd00000)
Event: 313.769 GC heap after
Heap after GC invocations=168 (full 7):
 PSYoungGen      total 406528K, used 163296K [0x00000007d5880000, 0x0000000800000000, 0x0000000800000000)
  eden space 243200K, 0% used [0x00000007d5880000,0x00000007d5880000,0x00000007e4600000)
  from space 163328K, 99% used [0x00000007e4600000,0x00000007ee578000,0x00000007ee580000)
  to   space 231936K, 0% used [0x00000007f1d80000,0x00000007f1d80000,0x0000000800000000)
 ParOldGen       total 1292288K, used 1069084K [0x0000000780a00000, 0x00000007cf800000, 0x00000007d5880000)
  object space 1292288K, 82% used [0x0000000780a00000,0x00000007c1e071e8,0x00000007cf800000)
 PSPermGen       total 21504K, used 8664K [0x000000077b800000, 0x000000077cd00000, 0x0000000780a00000)
  object space 21504K, 40% used [0x000000077b800000,0x000000077c076118,0x000000077cd00000)
}
Event: 316.992 GC heap before
{Heap before GC invocations=169 (full 7):
 PSYoungGen      total 406528K, used 406496K [0x00000007d5880000, 0x0000000800000000, 0x0000000800000000)
  eden space 243200K, 100% used [0x00000007d5880000,0x00000007e4600000,0x00000007e4600000)
  from space 163328K, 99% used [0x00000007e4600000,0x00000007ee578000,0x00000007ee580000)
  to   space 231936K, 0% used [0x00000007f1d80000,0x00000007f1d80000,0x0000000800000000)
 ParOldGen       total 1292288K, used 1069084K [0x0000000780a00000, 0x00000007cf800000, 0x00000007d5880000)
  object space 1292288K, 82% used [0x0000000780a00000,0x00000007c1e071e8,0x00000007cf800000)
 PSPermGen       total 21504K, used 8664K [0x000000077b800000, 0x000000077cd00000, 0x0000000780a00000)
  object space 21504K, 40% used [0x000000077b800000,0x000000077c076118,0x000000077cd00000)
Event: 317.042 GC heap after
Heap after GC invocations=169 (full 7):
 PSYoungGen      total 463872K, used 149760K [0x00000007d5880000, 0x0000000800000000, 0x0000000800000000)
  eden space 231936K, 0% used [0x00000007d5880000,0x00000007d5880000,0x00000007e3b00000)
  from space 231936K, 64% used [0x00000007f1d80000,0x00000007fafc0000,0x0000000800000000)
  to   space 231936K, 0% used [0x00000007e3b00000,0x00000007e3b00000,0x00000007f1d80000)
 ParOldGen       total 1292288K, used 1095780K [0x0000000780a00000, 0x00000007cf800000, 0x00000007d5880000)
  object space 1292288K, 84% used [0x0000000780a00000,0x00000007c38191e8,0x00000007cf800000)
 PSPermGen       total 21504K, used 8664K [0x000000077b800000, 0x000000077cd00000, 0x0000000780a00000)
  object space 21504K, 40% used [0x000000077b800000,0x000000077c076118,0x000000077cd00000)
}
Event: 320.107 GC heap before
{Heap before GC invocations=170 (full 7):
 PSYoungGen      total 463872K, used 381696K [0x00000007d5880000, 0x0000000800000000, 0x0000000800000000)
  eden space 231936K, 100% used [0x00000007d5880000,0x00000007e3b00000,0x00000007e3b00000)
  from space 231936K, 64% used [0x00000007f1d80000,0x00000007fafc0000,0x0000000800000000)
  to   space 231936K, 0% used [0x00000007e3b00000,0x00000007e3b00000,0x00000007f1d80000)
 ParOldGen       total 1292288K, used 1095780K [0x0000000780a00000, 0x00000007cf800000, 0x00000007d5880000)
  object space 1292288K, 84% used [0x0000000780a00000,0x00000007c38191e8,0x00000007cf800000)
 PSPermGen       total 21504K, used 8664K [0x000000077b800000, 0x000000077cd00000, 0x0000000780a00000)
  object space 21504K, 40% used [0x000000077b800000,0x000000077c076118,0x000000077cd00000)
Event: 320.153 GC heap after
Heap after GC invocations=170 (full 7):
 PSYoungGen      total 366592K, used 134240K [0x00000007d5880000, 0x00000007ffe00000, 0x0000000800000000)
  eden space 231936K, 0% used [0x00000007d5880000,0x00000007d5880000,0x00000007e3b00000)
  from space 134656K, 99% used [0x00000007e3b00000,0x00000007ebe18000,0x00000007ebe80000)
  to   space 230912K, 0% used [0x00000007f1c80000,0x00000007f1c80000,0x00000007ffe00000)
 ParOldGen       total 1292288K, used 1123796K [0x0000000780a00000, 0x00000007cf800000, 0x00000007d5880000)
  object space 1292288K, 86% used [0x0000000780a00000,0x00000007c53751e8,0x00000007cf800000)
 PSPermGen       total 21504K, used 8664K [0x000000077b800000, 0x000000077cd00000, 0x0000000780a00000)
  object space 21504K, 40% used [0x000000077b800000,0x000000077c076118,0x000000077cd00000)
}
Event: 323.285 GC heap before
{Heap before GC invocations=171 (full 7):
 PSYoungGen      total 366592K, used 366176K [0x00000007d5880000, 0x00000007ffe00000, 0x0000000800000000)
  eden space 231936K, 100% used [0x00000007d5880000,0x00000007e3b00000,0x00000007e3b00000)
  from space 134656K, 99% used [0x00000007e3b00000,0x00000007ebe18000,0x00000007ebe80000)
  to   space 230912K, 0% used [0x00000007f1c80000,0x00000007f1c80000,0x00000007ffe00000)
 ParOldGen       total 1292288K, used 1123796K [0x0000000780a00000, 0x00000007cf800000, 0x00000007d5880000)
  object space 1292288K, 86% used [0x0000000780a00000,0x00000007c53751e8,0x00000007cf800000)
 PSPermGen       total 21504K, used 8664K [0x000000077b800000, 0x000000077cd00000, 0x0000000780a00000)
  object space 21504K, 40% used [0x000000077b800000,0x000000077c076118,0x000000077cd00000)
Event: 323.334 GC heap after
Heap after GC invocations=171 (full 7):
 PSYoungGen      total 473600K, used 116416K [0x00000007d5880000, 0x0000000800000000, 0x0000000800000000)
  eden space 242688K, 0% used [0x00000007d5880000,0x00000007d5880000,0x00000007e4580000)
  from space 230912K, 50% used [0x00000007f1c80000,0x00000007f8e30000,0x00000007ffe00000)
  to   space 220160K, 0% used [0x00000007e4580000,0x00000007e4580000,0x00000007f1c80000)
 ParOldGen       total 1292288K, used 1154244K [0x0000000780a00000, 0x00000007cf800000, 0x00000007d5880000)
  object space 1292288K, 89% used [0x0000000780a00000,0x00000007c71311e8,0x00000007cf800000)
 PSPermGen       total 21504K, used 8664K [0x000000077b800000, 0x000000077cd00000, 0x0000000780a00000)
  object space 21504K, 40% used [0x000000077b800000,0x000000077c076118,0x000000077cd00000)
}

